-- The C compiler identification is GNU 9.4.0
-- The CXX compiler identification is GNU 9.4.0
-- Check for working C compiler: /usr/bin/cc
-- Check for working C compiler: /usr/bin/cc -- works
-- Detecting C compiler ABI info
-- Detecting C compiler ABI info - done
-- Detecting C compile features
-- Detecting C compile features - done
-- Check for working CXX compiler: /usr/bin/c++
-- Check for working CXX compiler: /usr/bin/c++ -- works
-- Detecting CXX compiler ABI info
-- Detecting CXX compiler ABI info - done
-- Detecting CXX compile features
-- Detecting CXX compile features - done
-- Found ament_cmake: 1.1.6 (/opt/ros/galactic/share/ament_cmake/cmake)
-- Found PythonInterp: /usr/bin/python3 (found suitable version "3.8.10", minimum required is "3") 
-- Using PYTHON_EXECUTABLE: /usr/bin/python3
-- Found rclcpp: 9.2.2 (/opt/ros/galactic/share/rclcpp/cmake)
-- Using single rosidl_typesupport_c: rosidl_typesupport_introspection_c
-- Found rosidl_adapter: 2.2.3 (/opt/ros/galactic/share/rosidl_adapter/cmake)
-- Using single rosidl_typesupport_cpp: rosidl_typesupport_introspection_cpp
-- Found rmw_implementation_cmake: 3.3.1 (/opt/ros/galactic/share/rmw_implementation_cmake/cmake)
-- Found rmw_cyclonedds_cpp: 0.22.6 (/opt/ros/galactic/share/rmw_cyclonedds_cpp/cmake)
-- Using RMW implementation 'rmw_cyclonedds_cpp' as default
-- Looking for pthread.h
-- Looking for pthread.h - found
-- Performing Test CMAKE_HAVE_LIBC_PTHREAD
-- Performing Test CMAKE_HAVE_LIBC_PTHREAD - Failed
-- Looking for pthread_create in pthreads
-- Looking for pthread_create in pthreads - not found
-- Looking for pthread_create in pthread
-- Looking for pthread_create in pthread - found
-- Found Threads: TRUE  
-- Found cv_bridge: 3.1.3 (/opt/ros/galactic/share/cv_bridge/cmake)
-- Found OpenCV: /usr (found version "4.2.0") 
-- Found ament_lint_auto: 0.10.7 (/opt/ros/galactic/share/ament_lint_auto/cmake)
-- Added test 'copyright' to check source files copyright and LICENSE
-- Added test 'cppcheck' to perform static code analysis on C / C++ code
-- Configured cppcheck include dirs: /home/shant/ros2_ws/src/auto_car/include
-- Configured cppcheck exclude dirs and/or files: 
-- Added test 'cpplint' to check C / C++ code against the Google style
-- Configured cpplint exclude dirs and/or files: 
-- Added test 'lint_cmake' to check CMake code style
-- Added test 'uncrustify' to check C / C++ code style
-- Configured uncrustify additional arguments: 
-- Added test 'xmllint' to check XML markup files
-- Configuring done
-- Generating done
-- Build files have been written to: /home/shant/ros2_ws/build/auto_car
[35m[1mScanning dependencies of target camera[0m
[35m[1mScanning dependencies of target robot_library[0m
[ 16%] [32mBuilding CXX object CMakeFiles/robot_library.dir/src/gpio.cpp.o[0m
[ 33%] [32mBuilding CXX object CMakeFiles/camera.dir/src/camera.cpp.o[0m
[ 50%] [32m[1mLinking CXX static library librobot_library.a[0m
[ 50%] Built target robot_library
[35m[1mScanning dependencies of target demo_1[0m
[ 66%] [32mBuilding CXX object CMakeFiles/demo_1.dir/src/demo_1.cpp.o[0m
In file included from [01m[K/home/shant/ros2_ws/src/auto_car/src/demo_1.cpp:17[m[K:
[01m[K/home/shant/ros2_ws/src/auto_car/include/auto_car/demo_1_interface.hpp:[m[K In constructor â€˜[01m[KEx1Demo::Ex1Demo(std::string)[m[Kâ€™:
[01m[K/home/shant/ros2_ws/src/auto_car/include/auto_car/demo_1_interface.hpp:43:50:[m[K [01;31m[Kerror: [m[Kno matching function for call to â€˜[01m[KGPIO::GPIO()[m[Kâ€™
   43 |   Ex1Demo(std::string node_name) : Node(node_name[01;31m[K)[m[K{
      |                                                  [01;31m[K^[m[K
In file included from [01m[K/home/shant/ros2_ws/src/auto_car/include/auto_car/demo_1_interface.hpp:25[m[K,
                 from [01m[K/home/shant/ros2_ws/src/auto_car/src/demo_1.cpp:17[m[K:
[01m[K/home/shant/ros2_ws/src/auto_car/include/auto_car/gpio.hpp:60:5:[m[K [01;36m[Knote: [m[Kcandidate: â€˜[01m[KGPIO::GPIO(int)[m[Kâ€™
   60 |     [01;36m[KGPIO[m[K(int pin);
      |     [01;36m[K^~~~[m[K
[01m[K/home/shant/ros2_ws/src/auto_car/include/auto_car/gpio.hpp:60:5:[m[K [01;36m[Knote: [m[K  candidate expects 1 argument, 0 provided
[01m[K/home/shant/ros2_ws/src/auto_car/include/auto_car/gpio.hpp:50:7:[m[K [01;36m[Knote: [m[Kcandidate: â€˜[01m[Kconstexpr GPIO::GPIO(const GPIO&)[m[Kâ€™
   50 | class [01;36m[KGPIO[m[K {
      |       [01;36m[K^~~~[m[K
[01m[K/home/shant/ros2_ws/src/auto_car/include/auto_car/gpio.hpp:50:7:[m[K [01;36m[Knote: [m[K  candidate expects 1 argument, 0 provided
make[2]: *** [CMakeFiles/demo_1.dir/build.make:63: CMakeFiles/demo_1.dir/src/demo_1.cpp.o] Error 1
make[1]: *** [CMakeFiles/Makefile2:109: CMakeFiles/demo_1.dir/all] Error 2
make[1]: *** Waiting for unfinished jobs....
[ 83%] [32m[1mLinking CXX executable camera[0m
[ 83%] Built target camera
make: *** [Makefile:141: all] Error 2
