[1.531s] Invoking command in '/home/shant/ros2_ws/build/auto_car': CMAKE_PREFIX_PATH=${CMAKE_PREFIX_PATH}:/opt/ros/galactic /usr/bin/cmake /home/shant/ros2_ws/src/auto_car -DCMAKE_INSTALL_PREFIX=/home/shant/ros2_ws/install/auto_car
[1.809s] -- The C compiler identification is GNU 9.4.0
[2.098s] -- The CXX compiler identification is GNU 9.4.0
[2.118s] -- Check for working C compiler: /usr/bin/cc
[2.423s] -- Check for working C compiler: /usr/bin/cc -- works
[2.427s] -- Detecting C compiler ABI info
[2.733s] -- Detecting C compiler ABI info - done
[2.775s] -- Detecting C compile features
[2.776s] -- Detecting C compile features - done
[2.785s] -- Check for working CXX compiler: /usr/bin/c++
[3.146s] -- Check for working CXX compiler: /usr/bin/c++ -- works
[3.151s] -- Detecting CXX compiler ABI info
[3.497s] -- Detecting CXX compiler ABI info - done
[3.541s] -- Detecting CXX compile features
[3.543s] -- Detecting CXX compile features - done
[3.564s] -- Found ament_cmake: 1.1.6 (/opt/ros/galactic/share/ament_cmake/cmake)
[3.679s] -- Found PythonInterp: /usr/bin/python3 (found suitable version "3.8.10", minimum required is "3") 
[3.680s] -- Using PYTHON_EXECUTABLE: /usr/bin/python3
[4.091s] -- Found rclcpp: 9.2.2 (/opt/ros/galactic/share/rclcpp/cmake)
[4.377s] -- Using single rosidl_typesupport_c: rosidl_typesupport_introspection_c
[4.423s] -- Found rosidl_adapter: 2.2.3 (/opt/ros/galactic/share/rosidl_adapter/cmake)
[4.522s] -- Using single rosidl_typesupport_cpp: rosidl_typesupport_introspection_cpp
[4.834s] -- Found rmw_implementation_cmake: 3.3.1 (/opt/ros/galactic/share/rmw_implementation_cmake/cmake)
[4.852s] -- Found rmw_cyclonedds_cpp: 0.22.6 (/opt/ros/galactic/share/rmw_cyclonedds_cpp/cmake)
[4.936s] -- Using RMW implementation 'rmw_cyclonedds_cpp' as default
[4.940s] -- Looking for pthread.h
[5.262s] -- Looking for pthread.h - found
[5.263s] -- Performing Test CMAKE_HAVE_LIBC_PTHREAD
[5.596s] -- Performing Test CMAKE_HAVE_LIBC_PTHREAD - Failed
[5.597s] -- Looking for pthread_create in pthreads
[5.869s] -- Looking for pthread_create in pthreads - not found
[5.870s] -- Looking for pthread_create in pthread
[6.186s] -- Looking for pthread_create in pthread - found
[6.189s] -- Found Threads: TRUE  
[6.863s] -- Found cv_bridge: 3.1.3 (/opt/ros/galactic/share/cv_bridge/cmake)
[7.487s] -- Found OpenCV: /usr (found version "4.2.0") 
[7.532s] -- Found ament_lint_auto: 0.10.7 (/opt/ros/galactic/share/ament_lint_auto/cmake)
[7.900s] -- Added test 'copyright' to check source files copyright and LICENSE
[7.908s] -- Added test 'cppcheck' to perform static code analysis on C / C++ code
[7.911s] -- Configured cppcheck include dirs: /home/shant/ros2_ws/src/auto_car/include
[7.911s] -- Configured cppcheck exclude dirs and/or files: 
[7.919s] -- Added test 'cpplint' to check C / C++ code against the Google style
[7.919s] -- Configured cpplint exclude dirs and/or files: 
[7.923s] -- Added test 'lint_cmake' to check CMake code style
[7.932s] -- Added test 'uncrustify' to check C / C++ code style
[7.932s] -- Configured uncrustify additional arguments: 
[7.934s] -- Added test 'xmllint' to check XML markup files
[7.959s] -- Configuring done
[8.070s] -- Generating done
[8.076s] -- Build files have been written to: /home/shant/ros2_ws/build/auto_car
[8.095s] Invoked command in '/home/shant/ros2_ws/build/auto_car' returned '0': CMAKE_PREFIX_PATH=${CMAKE_PREFIX_PATH}:/opt/ros/galactic /usr/bin/cmake /home/shant/ros2_ws/src/auto_car -DCMAKE_INSTALL_PREFIX=/home/shant/ros2_ws/install/auto_car
[8.105s] Invoking command in '/home/shant/ros2_ws/build/auto_car': CMAKE_PREFIX_PATH=${CMAKE_PREFIX_PATH}:/opt/ros/galactic /usr/bin/cmake --build /home/shant/ros2_ws/build/auto_car -- -j4 -l4
[8.285s] [35m[1mScanning dependencies of target camera[0m
[8.286s] [35m[1mScanning dependencies of target robot_library[0m
[8.330s] [ 16%] [32mBuilding CXX object CMakeFiles/robot_library.dir/src/gpio.cpp.o[0m
[8.607s] [ 33%] [32mBuilding CXX object CMakeFiles/camera.dir/src/camera.cpp.o[0m
[9.691s] [ 50%] [32m[1mLinking CXX static library librobot_library.a[0m
[9.836s] [ 50%] Built target robot_library
[9.882s] [35m[1mScanning dependencies of target demo_1[0m
[10.106s] [ 66%] [32mBuilding CXX object CMakeFiles/demo_1.dir/src/demo_1.cpp.o[0m
[19.201s] In file included from [01m[K/home/shant/ros2_ws/src/auto_car/src/demo_1.cpp:17[m[K:
[19.201s] [01m[K/home/shant/ros2_ws/src/auto_car/include/auto_car/demo_1_interface.hpp:[m[K In constructor â€˜[01m[KEx1Demo::Ex1Demo(std::string)[m[Kâ€™:
[19.202s] [01m[K/home/shant/ros2_ws/src/auto_car/include/auto_car/demo_1_interface.hpp:43:50:[m[K [01;31m[Kerror: [m[Kno matching function for call to â€˜[01m[KGPIO::GPIO()[m[Kâ€™
[19.203s]    43 |   Ex1Demo(std::string node_name) : Node(node_name[01;31m[K)[m[K{
[19.203s]       |                                                  [01;31m[K^[m[K
[19.204s] In file included from [01m[K/home/shant/ros2_ws/src/auto_car/include/auto_car/demo_1_interface.hpp:25[m[K,
[19.204s]                  from [01m[K/home/shant/ros2_ws/src/auto_car/src/demo_1.cpp:17[m[K:
[19.205s] [01m[K/home/shant/ros2_ws/src/auto_car/include/auto_car/gpio.hpp:60:5:[m[K [01;36m[Knote: [m[Kcandidate: â€˜[01m[KGPIO::GPIO(int)[m[Kâ€™
[19.206s]    60 |     [01;36m[KGPIO[m[K(int pin);
[19.206s]       |     [01;36m[K^~~~[m[K
[19.207s] [01m[K/home/shant/ros2_ws/src/auto_car/include/auto_car/gpio.hpp:60:5:[m[K [01;36m[Knote: [m[K  candidate expects 1 argument, 0 provided
[19.207s] [01m[K/home/shant/ros2_ws/src/auto_car/include/auto_car/gpio.hpp:50:7:[m[K [01;36m[Knote: [m[Kcandidate: â€˜[01m[Kconstexpr GPIO::GPIO(const GPIO&)[m[Kâ€™
[19.208s]    50 | class [01;36m[KGPIO[m[K {
[19.209s]       |       [01;36m[K^~~~[m[K
[19.209s] [01m[K/home/shant/ros2_ws/src/auto_car/include/auto_car/gpio.hpp:50:7:[m[K [01;36m[Knote: [m[K  candidate expects 1 argument, 0 provided
[28.352s] make[2]: *** [CMakeFiles/demo_1.dir/build.make:63: CMakeFiles/demo_1.dir/src/demo_1.cpp.o] Error 1
[28.352s] make[1]: *** [CMakeFiles/Makefile2:109: CMakeFiles/demo_1.dir/all] Error 2
[28.353s] make[1]: *** Waiting for unfinished jobs....
[34.536s] [ 83%] [32m[1mLinking CXX executable camera[0m
[36.852s] [ 83%] Built target camera
[36.855s] make: *** [Makefile:141: all] Error 2
[36.861s] Invoked command in '/home/shant/ros2_ws/build/auto_car' returned '2': CMAKE_PREFIX_PATH=${CMAKE_PREFIX_PATH}:/opt/ros/galactic /usr/bin/cmake --build /home/shant/ros2_ws/build/auto_car -- -j4 -l4
