[ 33%] Built target robot_library
[35m[1mScanning dependencies of target demo_1[0m
[ 66%] Built target camera
[ 83%] [32mBuilding CXX object CMakeFiles/demo_1.dir/src/demo_1.cpp.o[0m
In file included from [01m[K/home/shant/ros2_ws/src/auto_car/src/demo_1.cpp:17[m[K:
[01m[K/home/shant/ros2_ws/src/auto_car/include/auto_car/demo_1_interface.hpp:[m[K In constructor â€˜[01m[KEx1Demo::Ex1Demo(std::string)[m[Kâ€™:
[01m[K/home/shant/ros2_ws/src/auto_car/include/auto_car/demo_1_interface.hpp:43:50:[m[K [01;31m[Kerror: [m[Kno matching function for call to â€˜[01m[KGPIO::GPIO()[m[Kâ€™
   43 |   Ex1Demo(std::string node_name) : Node(node_name[01;31m[K)[m[K{
      |                                                  [01;31m[K^[m[K
In file included from [01m[K/home/shant/ros2_ws/src/auto_car/include/auto_car/demo_1_interface.hpp:25[m[K,
                 from [01m[K/home/shant/ros2_ws/src/auto_car/src/demo_1.cpp:17[m[K:
[01m[K/home/shant/ros2_ws/src/auto_car/include/auto_car/gpio.hpp:60:5:[m[K [01;36m[Knote: [m[Kcandidate: â€˜[01m[KGPIO::GPIO(int)[m[Kâ€™
   60 |     [01;36m[KGPIO[m[K(int pin);
      |     [01;36m[K^~~~[m[K
[01m[K/home/shant/ros2_ws/src/auto_car/include/auto_car/gpio.hpp:60:5:[m[K [01;36m[Knote: [m[K  candidate expects 1 argument, 0 provided
[01m[K/home/shant/ros2_ws/src/auto_car/include/auto_car/gpio.hpp:50:7:[m[K [01;36m[Knote: [m[Kcandidate: â€˜[01m[Kconstexpr GPIO::GPIO(const GPIO&)[m[Kâ€™
   50 | class [01;36m[KGPIO[m[K {
      |       [01;36m[K^~~~[m[K
[01m[K/home/shant/ros2_ws/src/auto_car/include/auto_car/gpio.hpp:50:7:[m[K [01;36m[Knote: [m[K  candidate expects 1 argument, 0 provided
In file included from [01m[K/home/shant/ros2_ws/src/auto_car/src/demo_1.cpp:17[m[K:
[01m[K/home/shant/ros2_ws/src/auto_car/include/auto_car/demo_1_interface.hpp:60:5:[m[K [01;31m[Kerror: [m[Kâ€˜[01m[Kpin[m[Kâ€™ was not declared in this scope; did you mean â€˜[01m[Kpin_[m[Kâ€™?
   60 |     [01;31m[Kpin[m[K.setMode("out");
      |     [01;31m[K^~~[m[K
      |     [32m[Kpin_[m[K
[01m[K/home/shant/ros2_ws/src/auto_car/include/auto_car/demo_1_interface.hpp:[m[K In member function â€˜[01m[Kvoid Ex1Demo::publish_number()[m[Kâ€™:
[01m[K/home/shant/ros2_ws/src/auto_car/include/auto_car/demo_1_interface.hpp:112:5:[m[K [01;31m[Kerror: [m[Kâ€˜[01m[Kpin[m[Kâ€™ was not declared in this scope; did you mean â€˜[01m[Kpin_[m[Kâ€™?
  112 |     [01;31m[Kpin[m[K.setValue(flag);
      |     [01;31m[K^~~[m[K
      |     [32m[Kpin_[m[K
[01m[K/home/shant/ros2_ws/src/auto_car/include/auto_car/demo_1_interface.hpp:116:5:[m[K [01;31m[Kerror: [m[Kâ€˜[01m[Kpin[m[Kâ€™ was not declared in this scope; did you mean â€˜[01m[Kpin_[m[Kâ€™?
  116 |     [01;31m[Kpin[m[K.setValue(flag);
      |     [01;31m[K^~~[m[K
      |     [32m[Kpin_[m[K
make[2]: *** [CMakeFiles/demo_1.dir/build.make:63: CMakeFiles/demo_1.dir/src/demo_1.cpp.o] Error 1
make[1]: *** [CMakeFiles/Makefile2:109: CMakeFiles/demo_1.dir/all] Error 2
make: *** [Makefile:141: all] Error 2
