In file included from [01m[K/home/shant/ros2_ws/src/auto_car/src/demo_1.cpp:17[m[K:
[01m[K/home/shant/ros2_ws/src/auto_car/include/auto_car/demo_1_interface.hpp:[m[K In member function â€˜[01m[Kvoid Ex1Demo::publish_number()[m[Kâ€™:
[01m[K/home/shant/ros2_ws/src/auto_car/include/auto_car/demo_1_interface.hpp:110:5:[m[K [01;31m[Kerror: [m[Kâ€˜[01m[Kpin[m[Kâ€™ was not declared in this scope; did you mean â€˜[01m[Ksin[m[Kâ€™?
  110 |     [01;31m[Kpin[m[K.setValue(flag);
      |     [01;31m[K^~~[m[K
      |     [32m[Ksin[m[K
[01m[K/home/shant/ros2_ws/src/auto_car/include/auto_car/demo_1_interface.hpp:114:5:[m[K [01;31m[Kerror: [m[Kâ€˜[01m[Kpin[m[Kâ€™ was not declared in this scope; did you mean â€˜[01m[Ksin[m[Kâ€™?
  114 |     [01;31m[Kpin[m[K.setValue(flag);
      |     [01;31m[K^~~[m[K
      |     [32m[Ksin[m[K
make[2]: *** [CMakeFiles/demo_1.dir/build.make:63: CMakeFiles/demo_1.dir/src/demo_1.cpp.o] Error 1
make[1]: *** [CMakeFiles/Makefile2:109: CMakeFiles/demo_1.dir/all] Error 2
make: *** [Makefile:141: all] Error 2
